<?xml version="1.0" encoding="UTF-8"?>
<!-- Generated by org.testng.reporters.JUnitReportReporter -->
<testsuite hostname="JOYSTON" failures="0" tests="1" name="practice.Admin_Module" time="0.005" errors="0" timestamp="2023-06-15T11:42:46 IST" skipped="0">
  <testcase classname="practice.Admin_Module" name="admin" time="0.005"/>
  <system-out>
    <![CDATA[successfully created Admin Module]]>
  </system-out>
</testsuite> <!-- practice.Admin_Module -->
