<?xml version="1.0" encoding="UTF-8"?>
<!-- Generated by org.testng.reporters.JUnitReportReporter -->
<testsuite hostname="JOYSTON" failures="0" tests="1" name="practice.Login_Module" time="0.002" errors="0" timestamp="2023-06-14T11:59:03 IST" skipped="0">
  <testcase classname="practice.Login_Module" name="login" time="0.002"/>
  <system-out>
    <![CDATA[Successfully created Login Module]]>
  </system-out>
</testsuite> <!-- practice.Login_Module -->
