<?xml version="1.0" encoding="UTF-8"?>
<!-- Generated by org.testng.reporters.JUnitReportReporter -->
<testsuite hostname="JOYSTON" failures="0" tests="1" name="practice.Admin_Module" time="0.014" errors="0" timestamp="2023-06-14T11:59:03 IST" skipped="0">
  <testcase classname="practice.Admin_Module" name="admin" time="0.014"/>
  <system-out>
    <![CDATA[successfully created Admin Module]]>
  </system-out>
</testsuite> <!-- practice.Admin_Module -->
